<?xml version="1.0" encoding="UTF-8"?>
<testng-results skipped="0" failed="0" ignored="0" total="1" passed="1">
  <reporter-output>
  </reporter-output>
  <suite name="Default suite" duration-ms="15815" started-at="2020-02-05T07:58:31Z" finished-at="2020-02-05T07:58:47Z">
    <groups>
    </groups>
    <test name="Default test" duration-ms="15815" started-at="2020-02-05T07:58:31Z" finished-at="2020-02-05T07:58:47Z">
      <class name="modules.CreateRequestTest">
        <test-method status="PASS" signature="setup()[pri:0, instance:modules.CreateRequestTest@1bce4f0a]" name="setup" is-config="true" duration-ms="2563" started-at="2020-02-05T14:58:31Z" finished-at="2020-02-05T14:58:34Z">
          <reporter-output>
          </reporter-output>
        </test-method> <!-- setup -->
        <test-method status="PASS" signature="testcase01()[pri:0, instance:modules.CreateRequestTest@1bce4f0a]" name="testcase01" duration-ms="13236" started-at="2020-02-05T14:58:34Z" finished-at="2020-02-05T14:58:47Z">
          <reporter-output>
          </reporter-output>
        </test-method> <!-- testcase01 -->
      </class> <!-- modules.CreateRequestTest -->
    </test> <!-- Default test -->
  </suite> <!-- Default suite -->
</testng-results>
